<?xml version="1.0" encoding="UTF-8"?>
<!-- Generated by org.testng.reporters.JUnitXMLReporter -->
<testsuite ignored="0" hostname="Udara" failures="1" tests="1" name="Surefire test" time="417.291" errors="0" timestamp="2025-05-02T17:09:51 IST">
  <testcase classname="com.syntheticugc.tests.UgcActorTest" name="testGenerateUgcActor" time="417.257">
    <failure type="java.lang.AssertionError" message="Download and Add Voice buttons should be displayed expected [true] but found [false]">
      <![CDATA[java.lang.AssertionError: Download and Add Voice buttons should be displayed expected [true] but found [false]
at com.syntheticugc.tests.UgcActorTest.testGenerateUgcActor(UgcActorTest.java:36)
at java.base/java.util.ArrayList.forEach(ArrayList.java:1511)
... Removed 35 stack frames]]>
    </failure>
  </testcase> <!-- testGenerateUgcActor -->
</testsuite> <!-- Surefire test -->
