<?xml version="1.0" encoding="UTF-8"?>
<!-- Generated by org.testng.reporters.JUnitXMLReporter -->
<testsuite ignored="0" hostname="Udara" failures="1" tests="1" name="Surefire test" time="2.186" errors="0" timestamp="2025-05-06T17:04:14 IST">
  <testcase classname="com.syntheticugc.tests.LipSyncTest" name="testLipSyncFunctionality" time="0.018">
    <failure type="java.lang.RuntimeException" message="Audio file not found at: D:\SynteticUGC\src\test\resources\demo-audio.mp3
Please place demo-audio.mp3 in src/test/resources directory">
      <![CDATA[java.lang.RuntimeException: Audio file not found at: D:\SynteticUGC\src\test\resources\demo-audio.mp3
Please place demo-audio.mp3 in src/test/resources directory
at com.syntheticugc.tests.LipSyncTest.testLipSyncFunctionality(LipSyncTest.java:51)
at java.base/java.util.ArrayList.forEach(ArrayList.java:1511)
... Removed 32 stack frames]]>
    </failure>
  </testcase> <!-- testLipSyncFunctionality -->
</testsuite> <!-- Surefire test -->
