-------------------------------------------------------------------------------
Test set: com.syntheticugc.tests.LipSyncTest
-------------------------------------------------------------------------------
Tests run: 1, Failures: 1, Errors: 0, Skipped: 0, Time elapsed: 11.17 s <<< FAILURE! - in com.syntheticugc.tests.LipSyncTest
testLipSyncFunctionality(com.syntheticugc.tests.LipSyncTest)  Time elapsed: 0.028 s  <<< FAILURE!
java.lang.RuntimeException: 
Audio file not found at: D:\SynteticUGC\src\test\resources\demo-audio.mp3
Please place demo-audio.mp3 in src/test/resources directory
	at com.syntheticugc.tests.LipSyncTest.testLipSyncFunctionality(LipSyncTest.java:51)

