-------------------------------------------------------------------------------
Test set: com.syntheticugc.tests.UgcActorTest
-------------------------------------------------------------------------------
Tests run: 1, Failures: 1, Errors: 0, Skipped: 0, Time elapsed: 426.127 s <<< FAILURE! - in com.syntheticugc.tests.UgcActorTest
testGenerateUgcActor(com.syntheticugc.tests.UgcActorTest)  Time elapsed: 417.265 s  <<< FAILURE!
java.lang.AssertionError: Download and Add Voice buttons should be displayed expected [true] but found [false]
	at com.syntheticugc.tests.UgcActorTest.testGenerateUgcActor(UgcActorTest.java:36)

