<?xml version="1.0" encoding="UTF-8"?>
<testng-results ignored="0" total="1" passed="1" failed="0" skipped="0">
  <reporter-output>
  </reporter-output>
  <suite started-at="2025-05-05T17:19:06 IST" name="Surefire suite" finished-at="2025-05-05T17:23:12 IST" duration-ms="245769">
    <groups>
    </groups>
    <test started-at="2025-05-05T17:19:06 IST" name="Surefire test" finished-at="2025-05-05T17:23:12 IST" duration-ms="245769">
      <class name="com.syntheticugc.tests.LipSyncTest">
        <test-method is-config="true" signature="setUp()[pri:0, instance:com.syntheticugc.tests.LipSyncTest@7c417213]" started-at="2025-05-05T17:18:58 IST" name="setUp" finished-at="2025-05-05T17:19:06 IST" duration-ms="7393" status="PASS">
          <reporter-output>
          </reporter-output>
        </test-method> <!-- setUp -->
        <test-method is-config="true" signature="setup()[pri:0, instance:com.syntheticugc.tests.LipSyncTest@7c417213]" started-at="2025-05-05T17:19:06 IST" name="setup" finished-at="2025-05-05T17:19:06 IST" duration-ms="1" status="PASS">
          <reporter-output>
          </reporter-output>
        </test-method> <!-- setup -->
        <test-method signature="testLipSyncFunctionality()[pri:0, instance:com.syntheticugc.tests.LipSyncTest@7c417213]" started-at="2025-05-05T17:19:06 IST" name="testLipSyncFunctionality" finished-at="2025-05-05T17:23:12 IST" duration-ms="245754" status="PASS">
          <reporter-output>
          </reporter-output>
        </test-method> <!-- testLipSyncFunctionality -->
        <test-method is-config="true" signature="tearDown()[pri:0, instance:com.syntheticugc.tests.LipSyncTest@7c417213]" started-at="2025-05-05T17:23:12 IST" name="tearDown" finished-at="2025-05-05T17:23:12 IST" duration-ms="149" status="PASS">
          <reporter-output>
          </reporter-output>
        </test-method> <!-- tearDown -->
      </class> <!-- com.syntheticugc.tests.LipSyncTest -->
    </test> <!-- Surefire test -->
  </suite> <!-- Surefire suite -->
</testng-results>
